<?xml version="1.0" encoding="UTF-8"?>
<!-- Generated by org.testng.reporters.JUnitXMLReporter -->
<testsuite ignored="0" hostname="DESKTOP-77EIP0B" failures="0" tests="4" name="Test" time="0.061" errors="0" timestamp="2021-12-10T23:43:29 IST">
  <testcase classname="webpagetest.MavenJava.SeleniumTest" name="BrowserAutomation" time="0.006"/>
  <testcase classname="webpagetest.MavenJava.SeleniumTest" name="elementUI" time="0.001"/>
  <testcase classname="webpagetest.MavenJava.AppiumTest" name="IOSApps" time="0.0"/>
  <testcase classname="webpagetest.MavenJava.AppiumTest" name="NativeAppAndroid" time="0.001"/>
</testsuite> <!-- Test -->
