<?xml version="1.0" encoding="UTF-8"?>
<testng-results ignored="0" total="2" passed="2" failed="0" skipped="0">
  <reporter-output>
  </reporter-output>
  <suite started-at="2021-12-10T23:47:55 IST" name="Surefire suite" finished-at="2021-12-10T23:47:55 IST" duration-ms="52">
    <groups>
    </groups>
    <test started-at="2021-12-10T23:47:55 IST" name="Surefire test" finished-at="2021-12-10T23:47:55 IST" duration-ms="52">
      <class name="webpagetest.MavenJava.SeleniumTest">
        <test-method signature="BrowserAutomation()[pri:0, instance:webpagetest.MavenJava.SeleniumTest@7d68ef40]" started-at="2021-12-10T23:47:55 IST" name="BrowserAutomation" finished-at="2021-12-10T23:47:55 IST" duration-ms="7" status="PASS">
          <reporter-output>
          </reporter-output>
        </test-method> <!-- BrowserAutomation -->
        <test-method signature="elementUI()[pri:0, instance:webpagetest.MavenJava.SeleniumTest@7d68ef40]" started-at="2021-12-10T23:47:55 IST" name="elementUI" finished-at="2021-12-10T23:47:55 IST" duration-ms="0" status="PASS">
          <reporter-output>
          </reporter-output>
        </test-method> <!-- elementUI -->
      </class> <!-- webpagetest.MavenJava.SeleniumTest -->
    </test> <!-- Surefire test -->
  </suite> <!-- Surefire suite -->
</testng-results>
