<?xml version="1.0" encoding="UTF-8"?>
<testng-results ignored="0" total="1" passed="1" failed="0" skipped="0">
  <reporter-output>
  </reporter-output>
  <suite started-at="2021-12-12T01:06:09 IST" name="Default suite" finished-at="2021-12-12T01:06:26 IST" duration-ms="17367">
    <groups>
    </groups>
    <test started-at="2021-12-12T01:06:09 IST" name="Default test" finished-at="2021-12-12T01:06:26 IST" duration-ms="17367">
      <class name="webpagetest.MavenJava.extentReportDemo">
        <test-method is-config="true" signature="config()[pri:0, instance:webpagetest.MavenJava.extentReportDemo@3e11f9e9]" started-at="2021-12-12T01:06:09 IST" name="config" finished-at="2021-12-12T01:06:10 IST" duration-ms="511" status="PASS">
          <reporter-output>
          </reporter-output>
        </test-method> <!-- config -->
        <test-method signature="initialDemo()[pri:0, instance:webpagetest.MavenJava.extentReportDemo@3e11f9e9]" started-at="2021-12-12T01:06:10 IST" name="initialDemo" finished-at="2021-12-12T01:06:26 IST" duration-ms="16791" status="PASS">
          <reporter-output>
          </reporter-output>
        </test-method> <!-- initialDemo -->
      </class> <!-- webpagetest.MavenJava.extentReportDemo -->
    </test> <!-- Default test -->
  </suite> <!-- Default suite -->
</testng-results>
